2026-05-01 10:53:54,718 - root - INFO - Starting ETL NG Market pipeline...
2026-05-01 10:53:54,718 - root - INFO - Data extraction started...
2026-05-01 10:53:54,721 - root - INFO - Data extracted successfully...
2026-05-01 10:53:54,725 - root - INFO - Data extraction completed...
2026-05-01 10:53:54,725 - root - INFO - Data cleaning and transformation started...
2026-05-01 10:53:55,007 - root - INFO - Data extracted successfully...
2026-05-01 10:53:55,007 - root - INFO - Data extracted successfully...
2026-05-01 10:53:55,010 - root - INFO - Data cleaning completed...
2026-05-01 10:53:55,010 - root - INFO - Feature engineering started...
2026-05-01 10:53:55,142 - root - INFO - Data inserted into MarketNg
2026-05-01 10:55:05,658 - root - INFO - Starting ETL NG Market pipeline...
2026-05-01 10:55:05,659 - root - INFO - Data extraction started...
2026-05-01 10:55:05,661 - root - INFO - Data extracted successfully...
2026-05-01 10:55:05,664 - root - INFO - Data extraction completed...
2026-05-01 10:55:05,665 - root - INFO - Data cleaning and transformation started...
2026-05-01 10:55:05,947 - root - INFO - Data extracted successfully...
2026-05-01 10:55:05,947 - root - INFO - Data extracted successfully...
2026-05-01 10:55:05,949 - root - INFO - Data cleaning completed...
2026-05-01 10:55:05,949 - root - INFO - Feature engineering started...
2026-05-01 10:55:06,082 - root - INFO - Data inserted into MarketNg
